<?xml version="1.0" encoding="UTF-8"?>
<Site BuildName="(empty)"
	BuildStamp="20241122-1230-Experimental"
	Name="ZeyadCode-Ubuntu"
	Generator="ctest-3.22.1"
	CompilerName="/usr/bin/g++"
	CompilerVersion="11.4.0"
	OSName="Linux"
	Hostname="ZeyadCode-Ubuntu"
	OSRelease="6.8.0-49-generic"
	OSVersion="#49~22.04.1-Ubuntu SMP PREEMPT_DYNAMIC Wed Nov  6 17:42:15 UTC 2"
	OSPlatform="x86_64"
	Is64Bits="1"
	VendorString="GenuineIntel"
	VendorID="Intel Corporation"
	FamilyID="6"
	ModelID="140"
	ProcessorCacheSize="12288"
	NumberOfLogicalCPU="8"
	NumberOfPhysicalCPU="4"
	TotalVirtualMemory="2047"
	TotalPhysicalMemory="15777"
	LogicalProcessorsPerPhysical="2"
	ProcessorClockFrequency="400"
	>
	<Testing>
		<StartDateTime>Nov 22 16:54 EET</StartDateTime>
		<StartTestTime>1732287289</StartTestTime>
		<TestList/>
		<EndDateTime>Nov 22 16:54 EET</EndDateTime>
		<EndTestTime>1732287289</EndTestTime>
		<ElapsedMinutes>0</ElapsedMinutes>
	</Testing>
</Site>
